<?xml version="1.0" encoding="UTF-8"?>
<testng-results ignored="0" total="2" passed="2" failed="0" skipped="0">
  <reporter-output>
  </reporter-output>
  <suite started-at="2024-01-29T14:04:40 IST" name="Suite" finished-at="2024-01-29T14:04:41 IST" duration-ms="770">
    <groups>
    </groups>
    <test started-at="2024-01-29T14:04:40 IST" name="Test" finished-at="2024-01-29T14:04:41 IST" duration-ms="770">
      <class name="testclasses.LoginTest">
        <test-method is-config="true" signature="initBrowser()[pri:0, instance:testclasses.LoginTest@49912c99]" started-at="2024-01-29T14:03:52 IST" name="initBrowser" finished-at="2024-01-29T14:04:40 IST" duration-ms="47542" status="PASS">
          <reporter-output>
          </reporter-output>
        </test-method> <!-- initBrowser -->
        <test-method is-config="true" signature="createObject()[pri:0, instance:testclasses.LoginTest@49912c99]" started-at="2024-01-29T14:04:40 IST" name="createObject" finished-at="2024-01-29T14:04:40 IST" duration-ms="72" status="PASS">
          <reporter-output>
          </reporter-output>
        </test-method> <!-- createObject -->
        <test-method signature="verifyCredential()[pri:0, instance:testclasses.LoginTest@49912c99]" started-at="2024-01-29T14:04:40 IST" name="verifyCredential" finished-at="2024-01-29T14:04:40 IST" duration-ms="445" status="PASS">
          <reporter-output>
          </reporter-output>
        </test-method> <!-- verifyCredential -->
        <test-method signature="verifyLoginButtonfun()[pri:0, instance:testclasses.LoginTest@49912c99]" started-at="2024-01-29T14:04:40 IST" name="verifyLoginButtonfun" finished-at="2024-01-29T14:04:41 IST" duration-ms="163" status="PASS">
          <reporter-output>
          </reporter-output>
        </test-method> <!-- verifyLoginButtonfun -->
      </class> <!-- testclasses.LoginTest -->
    </test> <!-- Test -->
  </suite> <!-- Suite -->
</testng-results>
