<?xml version="1.0" encoding="UTF-8"?>
<testng-results ignored="0" total="2" passed="2" failed="0" skipped="0">
  <reporter-output>
  </reporter-output>
  <suite started-at="2023-07-05T16:19:27 IST" name="Suite" finished-at="2023-07-05T16:19:28 IST" duration-ms="882">
    <groups>
    </groups>
    <test started-at="2023-07-05T16:19:27 IST" name="Test" finished-at="2023-07-05T16:19:28 IST" duration-ms="882">
      <class name="testclasses.LoginTest">
        <test-method is-config="true" signature="initBrowser()[pri:0, instance:testclasses.LoginTest@1cbb87f3]" started-at="2023-07-05T16:17:25 IST" name="initBrowser" finished-at="2023-07-05T16:19:27 IST" duration-ms="121389" status="PASS">
          <reporter-output>
          </reporter-output>
        </test-method> <!-- initBrowser -->
        <test-method is-config="true" signature="createObject()[pri:0, instance:testclasses.LoginTest@1cbb87f3]" started-at="2023-07-05T16:19:27 IST" name="createObject" finished-at="2023-07-05T16:19:27 IST" duration-ms="127" status="PASS">
          <reporter-output>
          </reporter-output>
        </test-method> <!-- createObject -->
        <test-method signature="verifyCredential()[pri:0, instance:testclasses.LoginTest@1cbb87f3]" started-at="2023-07-05T16:19:27 IST" name="verifyCredential" finished-at="2023-07-05T16:19:27 IST" duration-ms="461" status="PASS">
          <reporter-output>
          </reporter-output>
        </test-method> <!-- verifyCredential -->
        <test-method signature="verifyLoginButtonfun()[pri:0, instance:testclasses.LoginTest@1cbb87f3]" started-at="2023-07-05T16:19:27 IST" name="verifyLoginButtonfun" finished-at="2023-07-05T16:19:28 IST" duration-ms="155" status="PASS">
          <reporter-output>
          </reporter-output>
        </test-method> <!-- verifyLoginButtonfun -->
      </class> <!-- testclasses.LoginTest -->
    </test> <!-- Test -->
  </suite> <!-- Suite -->
</testng-results>
